Running in Lattice mode

                               Synplify Pro (R) 

               Version R-2021.03L-SP1-1 for win64 - Dec 22, 2021 

                    Copyright (c) 1988 - 2021 Synopsys, Inc.
   This software and the associated documentation are proprietary to Synopsys,
 Inc. This software may only be used in accordance with the terms and conditions
 of a written license agreement with Synopsys, Inc. All other use, reproduction,
            or distribution of this software is strictly prohibited.

Starting:    C:\lscc\diamond\3.12\synpbase\bin64\mbin\synbatch.exe
Install:     C:\lscc\diamond\3.12\synpbase
Hostname:    L-EQSS42R
Date:        Fri Mar  4 20:12:03 2022
Version:     R-2021.03L-SP1-1

Arguments:   -product synplify_pro -batch versa_ecp5_mf8c_synplify.tcl
ProductType: synplify_pro




log file: "C:\project\PCIe_ECP5_MF\work\diamond\versa_ecp5\mf8c\versa_ecp5_mf8c.srr"
Running: hdl_info_gen in foreground

Generating HDL info...
Copied C:\project\PCIe_ECP5_MF\work\diamond\versa_ecp5\mf8c\versa_ecp5_mf8c.srr to C:\project\PCIe_ECP5_MF\work\diamond\versa_ecp5\mf8c\versa_ecp5_mf8c.srf

hdl_info_gen completed
# Fri Mar  4 20:12:04 2022

Return Code: 0
Run Time:00h:00m:01s
log file: "C:\project\PCIe_ECP5_MF\work\diamond\versa_ecp5\mf8c\versa_ecp5_mf8c.srr"
Running: mf8c in foreground

Running proj_1|mf8c

Running Flow: compile (Compile) on proj_1|mf8c
# Fri Mar  4 20:12:04 2022

Running Flow: compile_flow (Compile Process) on proj_1|mf8c
# Fri Mar  4 20:12:04 2022

Running: compiler (Compile Input) on proj_1|mf8c
# Fri Mar  4 20:12:04 2022
Copied C:\project\PCIe_ECP5_MF\work\diamond\versa_ecp5\mf8c\synwork\versa_ecp5_mf8c_comp.srs to C:\project\PCIe_ECP5_MF\work\diamond\versa_ecp5\mf8c\versa_ecp5_mf8c.srs

compiler completed
# Fri Mar  4 20:12:39 2022

Return Code: 0
Run Time:00h:00m:35s

Running: multi_srs_gen (Multi-srs Generator) on proj_1|mf8c
# Fri Mar  4 20:12:39 2022

multi_srs_gen completed
# Fri Mar  4 20:12:39 2022

Return Code: 0
Run Time:00h:00m:00s
Copied C:\project\PCIe_ECP5_MF\work\diamond\versa_ecp5\mf8c\synwork\versa_ecp5_mf8c_mult.srs to C:\project\PCIe_ECP5_MF\work\diamond\versa_ecp5\mf8c\versa_ecp5_mf8c.srs
Copied C:\project\PCIe_ECP5_MF\work\diamond\versa_ecp5\mf8c\versa_ecp5_mf8c.srr to C:\project\PCIe_ECP5_MF\work\diamond\versa_ecp5\mf8c\versa_ecp5_mf8c.srf
Complete: Compile Process on proj_1|mf8c

Running: premap (Premap) on proj_1|mf8c
# Fri Mar  4 20:12:39 2022

premap completed with warnings
# Fri Mar  4 20:12:43 2022

Return Code: 1
Run Time:00h:00m:04s
Complete: Compile on proj_1|mf8c

Running Flow: map (Map) on proj_1|mf8c
# Fri Mar  4 20:12:43 2022
License granted for 4 parallel jobs

Running: fpga_mapper (Map & Optimize) on proj_1|mf8c
# Fri Mar  4 20:12:43 2022
Copied C:\project\PCIe_ECP5_MF\work\diamond\versa_ecp5\mf8c\synwork\versa_ecp5_mf8c_m.srm to C:\project\PCIe_ECP5_MF\work\diamond\versa_ecp5\mf8c\versa_ecp5_mf8c.srm

fpga_mapper completed with warnings
# Fri Mar  4 20:13:21 2022

Return Code: 1
Run Time:00h:00m:38s
Complete: Map on proj_1|mf8c
Copied C:\project\PCIe_ECP5_MF\work\diamond\versa_ecp5\mf8c\versa_ecp5_mf8c.srr to C:\project\PCIe_ECP5_MF\work\diamond\versa_ecp5\mf8c\versa_ecp5_mf8c.srf
Complete: Logic Synthesis on proj_1|mf8c
TCL script complete: "versa_ecp5_mf8c_synplify.tcl"
exit status=0
exit status=0
Save changes for project:
C:\project\PCIe_ECP5_MF\work\diamond\versa_ecp5\mf8c\proj_1.prj
batch mode default:no
