flow/file_lists/pcie_x1_top_vlog.lst
verify/testbench/top/versa_ecp5_tb/vhdl/versa_ecp5_tb-p.vhd
   #
file work/clarity/versa_ecp5/xclk_subsys/pll_xclk_base/pll_xclk_base.v -lib:ovi_ecp5um
file work/clarity/versa_ecp5/xclk_subsys/xclk_subsys.v -lib:ovi_ecp5um
   #
verify/testbench/units/pcie_x1_top_phy/vhdl/pcie_x1_top_phy-e.vhd
verify/testbench/units/pcie_x1_top_phy/vhdl/pcie_x1_top_phy-a_wrap.vhd
work/clarity/versa_ecp5/pcie_subsys/pcie_mfx1_top/src/bfm/bfm_wrapper.vhd
work/clarity/versa_ecp5/pcie_subsys/pcie_mfx1_top/pcie_mfx1_top.vhd
work/clarity/versa_ecp5/pcie_subsys/pcie_mfx1_top/pcie_mfx1_top_combo.vhd
   #
include core_mf8c_files.lst

soc/top/versa_ecp5/vhdl/versa_ecp5_comps-p.vhd
soc/top/core_mf8c/vhdl/core_mf8c_exports-p.vhd
soc/top/versa_ecp5/vhdl/versa_ecp5-e.vhd
soc/top/versa_ecp5/vhdl/versa_ecp5-a_rtl.vhd

   #
verify/testbench/top/versa_ecp5_tb/vhdl/versa_ecp5_tb-e.vhd
verify/testbench/top/versa_ecp5_tb/vhdl/versa_ecp5_tb-a_bhv.vhd
