
Copyright (C) 1994-2021 Synopsys, Inc.
This Synopsys software and all associated documentation are proprietary to Synopsys, Inc.
and may only be used pursuant to the terms and conditions of a written license agreement
with Synopsys, Inc. All other use, reproduction, modification, or distribution of the
Synopsys software or the associated documentation is strictly prohibited.
Tool: Synplify Pro (R)
Build: R-2021.03L-SP1-1
Install: C:\lscc\diamond\3.12\synpbase
OS: Windows 6.2

Hostname: L-EQSS42R

Implementation : syn_results

# Written on Sun Feb 27 15:51:10 2022

##### FILES SYNTAX CHECKED ##############################################
Constraint File(s):      "C:\project\PCIe_ECP5_MF\work\clarity\versa_ecp5\xclk_subsys\pll_xclk_base\pll_xclk_base.fdc"

#Run constraint checker to find more issues with constraints.
#########################################################################



No issues found in constraint syntax.



Clock Summary
*************

          Start      Requested     Requested     Clock      Clock               Clock
Level     Clock      Frequency     Period        Type       Group               Load 
-------------------------------------------------------------------------------------
0 -       System     100.0 MHz     10.000        system     system_clkgroup     0    
=====================================================================================


Clock Load Summary
******************

           Clock     Source     Clock Pin       Non-clock Pin     Non-clock Pin
Clock      Load      Pin        Seq Example     Seq Example       Comb Example 
-------------------------------------------------------------------------------
System     0         -          -               -                 -            
===============================================================================
