
Copyright (C) 1994-2021 Synopsys, Inc.
This Synopsys software and all associated documentation are proprietary to Synopsys, Inc.
and may only be used pursuant to the terms and conditions of a written license agreement
with Synopsys, Inc. All other use, reproduction, modification, or distribution of the
Synopsys software or the associated documentation is strictly prohibited.
Tool: Synplify Pro (R)
Build: R-2021.03L-SP1-1
Install: C:\lscc\diamond\3.12\synpbase
OS: Windows 6.2

Hostname: L-EQSS42R

Implementation : syn_results
Synopsys HDL compiler and linker, Version comp202103synp2, Build 222R, Built Dec 22 2021 00:18:12, @

Modified Files: 25
FID:  path (prevtimestamp, timestamp)
0        C:\lscc\diamond\3.12\cae_library\synthesis\verilog\pmi_def.v (N/A, 2020-11-25 07:53:48)
1        C:\lscc\diamond\3.12\cae_library\synthesis\vhdl\ecp5um.vhd (N/A, 2018-11-15 00:32:10)
2        C:\lscc\diamond\3.12\synpbase\lib\lucent\ecp5um.v (N/A, 2021-12-22 09:23:26)
3        C:\lscc\diamond\3.12\synpbase\lib\lucent\pmi_def.v (N/A, 2021-12-22 09:23:28)
4        C:\lscc\diamond\3.12\synpbase\lib\vhd2008\arith.vhd (N/A, 2021-12-22 09:09:40)
5        C:\lscc\diamond\3.12\synpbase\lib\vhd2008\location.map (N/A, 2021-12-22 09:09:41)
6        C:\lscc\diamond\3.12\synpbase\lib\vhd2008\numeric.vhd (N/A, 2021-12-22 09:26:52)
7        C:\lscc\diamond\3.12\synpbase\lib\vhd2008\std.vhd (N/A, 2021-12-22 09:09:41)
8        C:\lscc\diamond\3.12\synpbase\lib\vhd2008\std1164.vhd (N/A, 2021-12-22 09:09:41)
9        C:\lscc\diamond\3.12\synpbase\lib\vhd2008\std_textio.vhd (N/A, 2021-12-22 09:09:41)
10       C:\lscc\diamond\3.12\synpbase\lib\vhd2008\unsigned.vhd (N/A, 2021-12-22 09:09:41)
11       C:\lscc\diamond\3.12\synpbase\lib\vhd\hyperents.vhd (N/A, 2021-12-22 09:09:40)
12       C:\lscc\diamond\3.12\synpbase\lib\vhd\snps_haps_pkg.vhd (N/A, 2021-12-22 09:09:40)
13       C:\lscc\diamond\3.12\synpbase\lib\vhd\umr_capim.vhd (N/A, 2021-12-22 09:09:40)
14       C:\lscc\diamond\3.12\synpbase\lib\vlog\hypermods.v (N/A, 2021-12-22 09:09:40)
15       C:\lscc\diamond\3.12\synpbase\lib\vlog\scemi_objects.v (N/A, 2021-12-22 09:09:40)
16       C:\lscc\diamond\3.12\synpbase\lib\vlog\scemi_pipes.svh (N/A, 2021-12-22 09:09:40)
17       C:\lscc\diamond\3.12\synpbase\lib\vlog\umr_capim.v (N/A, 2021-12-22 09:09:40)
18       C:\project\PCIe_ECP5_MF\work\clarity\versa_ecp5\pcie_subsys\pcie_mfx1_top\pcie_mfx1_top.vhd (N/A, 2022-02-27 15:20:20)
19       C:\project\PCIe_ECP5_MF\work\clarity\versa_ecp5\pcie_subsys\pcie_mfx1_top\src\vlog\bar_reg_internals.v (N/A, 2022-01-18 11:08:12)
20       C:\project\PCIe_ECP5_MF\work\clarity\versa_ecp5\pcie_subsys\pcie_mfx1_top\src\vlog\pci_exp_params.v (N/A, 2022-02-27 15:17:05)
21       C:\project\PCIe_ECP5_MF\work\clarity\versa_ecp5\pcie_subsys\pcie_mfx1_top\src\vlog\pcie_mfdev_v6.v (N/A, 2022-01-18 11:08:12)
22       C:\project\PCIe_ECP5_MF\work\clarity\versa_ecp5\pcie_subsys\pcie_mfx1_top\src\vlog\pcisig_constants.v (N/A, 2022-01-18 11:08:12)
23       C:\project\PCIe_ECP5_MF\work\clarity\versa_ecp5\pcie_subsys\pcie_mfx1_top\src\vlog\tlp_qcodes.v (N/A, 2022-01-18 11:08:12)
24       C:\project\PCIe_ECP5_MF\work\clarity\versa_ecp5\pcie_subsys\pcie_mfx1_top\src\vlog\wishbone_utils.v (N/A, 2022-01-18 11:08:12)

*******************************************************************
Modules that may have changed as a result of file changes: 73
MID:  lib.cell.view
0        work.I1BD3AAA735BEFCAF06645830338869BC.verilog may have changed because the following files changed:
                        C:\project\PCIe_ECP5_MF\work\clarity\versa_ecp5\pcie_subsys\pcie_mfx1_top\pcie_mfx1_top.vhd (N/A, 2022-02-27 15:20:20) <-- (may instantiate this module)
                        C:\project\PCIe_ECP5_MF\work\clarity\versa_ecp5\pcie_subsys\pcie_mfx1_top\src\vlog\pcie_mfdev_v6.v (N/A, 2022-01-18 11:08:12) <-- (module definition)
1        work.I1D0F7B4B91A0FA84F3F3816624A1A70F.verilog may have changed because the following files changed:
                        C:\project\PCIe_ECP5_MF\work\clarity\versa_ecp5\pcie_subsys\pcie_mfx1_top\pcie_mfx1_top.vhd (N/A, 2022-02-27 15:20:20) <-- (may instantiate this module)
                        C:\project\PCIe_ECP5_MF\work\clarity\versa_ecp5\pcie_subsys\pcie_mfx1_top\src\vlog\pcie_mfdev_v6.v (N/A, 2022-01-18 11:08:12) <-- (module definition)
2        work.I1F8444FEC9FE4C651C698EE6099B529D.verilog may have changed because the following files changed:
                        C:\project\PCIe_ECP5_MF\work\clarity\versa_ecp5\pcie_subsys\pcie_mfx1_top\pcie_mfx1_top.vhd (N/A, 2022-02-27 15:20:20) <-- (may instantiate this module)
                        C:\project\PCIe_ECP5_MF\work\clarity\versa_ecp5\pcie_subsys\pcie_mfx1_top\src\vlog\pcie_mfdev_v6.v (N/A, 2022-01-18 11:08:12) <-- (module definition)
3        work.I2296FC491415818D18357D6C2D700C14.verilog may have changed because the following files changed:
                        C:\project\PCIe_ECP5_MF\work\clarity\versa_ecp5\pcie_subsys\pcie_mfx1_top\pcie_mfx1_top.vhd (N/A, 2022-02-27 15:20:20) <-- (may instantiate this module)
                        C:\project\PCIe_ECP5_MF\work\clarity\versa_ecp5\pcie_subsys\pcie_mfx1_top\src\vlog\pcie_mfdev_v6.v (N/A, 2022-01-18 11:08:12) <-- (module definition)
4        work.I2AA06444A0CB39074E17E74C913F2C98.verilog may have changed because the following files changed:
                        C:\project\PCIe_ECP5_MF\work\clarity\versa_ecp5\pcie_subsys\pcie_mfx1_top\pcie_mfx1_top.vhd (N/A, 2022-02-27 15:20:20) <-- (may instantiate this module)
                        C:\project\PCIe_ECP5_MF\work\clarity\versa_ecp5\pcie_subsys\pcie_mfx1_top\src\vlog\pcie_mfdev_v6.v (N/A, 2022-01-18 11:08:12) <-- (module definition)
5        work.I35D01845B6D15D59E4E7B95EDE6F3368.verilog may have changed because the following files changed:
                        C:\project\PCIe_ECP5_MF\work\clarity\versa_ecp5\pcie_subsys\pcie_mfx1_top\pcie_mfx1_top.vhd (N/A, 2022-02-27 15:20:20) <-- (may instantiate this module)
                        C:\project\PCIe_ECP5_MF\work\clarity\versa_ecp5\pcie_subsys\pcie_mfx1_top\src\vlog\pcie_mfdev_v6.v (N/A, 2022-01-18 11:08:12) <-- (module definition)
6        work.I4A464F8B941F768B40777E11E08CF0DE.verilog may have changed because the following files changed:
                        C:\project\PCIe_ECP5_MF\work\clarity\versa_ecp5\pcie_subsys\pcie_mfx1_top\pcie_mfx1_top.vhd (N/A, 2022-02-27 15:20:20) <-- (may instantiate this module)
                        C:\project\PCIe_ECP5_MF\work\clarity\versa_ecp5\pcie_subsys\pcie_mfx1_top\src\vlog\pcie_mfdev_v6.v (N/A, 2022-01-18 11:08:12) <-- (module definition)
7        work.I4CACC63B64035D749DE3C4BCF79F626C.verilog may have changed because the following files changed:
                        C:\project\PCIe_ECP5_MF\work\clarity\versa_ecp5\pcie_subsys\pcie_mfx1_top\pcie_mfx1_top.vhd (N/A, 2022-02-27 15:20:20) <-- (may instantiate this module)
                        C:\project\PCIe_ECP5_MF\work\clarity\versa_ecp5\pcie_subsys\pcie_mfx1_top\src\vlog\pcie_mfdev_v6.v (N/A, 2022-01-18 11:08:12) <-- (module definition)
8        work.I5AA57FA362D8C2F14DF19B01C99AE372.verilog may have changed because the following files changed:
                        C:\project\PCIe_ECP5_MF\work\clarity\versa_ecp5\pcie_subsys\pcie_mfx1_top\pcie_mfx1_top.vhd (N/A, 2022-02-27 15:20:20) <-- (may instantiate this module)
                        C:\project\PCIe_ECP5_MF\work\clarity\versa_ecp5\pcie_subsys\pcie_mfx1_top\src\vlog\pcie_mfdev_v6.v (N/A, 2022-01-18 11:08:12) <-- (module definition)
9        work.I6433000F3EF06E04177C32D16C534889.verilog may have changed because the following files changed:
                        C:\project\PCIe_ECP5_MF\work\clarity\versa_ecp5\pcie_subsys\pcie_mfx1_top\pcie_mfx1_top.vhd (N/A, 2022-02-27 15:20:20) <-- (may instantiate this module)
                        C:\project\PCIe_ECP5_MF\work\clarity\versa_ecp5\pcie_subsys\pcie_mfx1_top\src\vlog\pcie_mfdev_v6.v (N/A, 2022-01-18 11:08:12) <-- (module definition)
10       work.I6B46C5BDF6C2841AE2EEF22D18B3C8B9.verilog may have changed because the following files changed:
                        C:\project\PCIe_ECP5_MF\work\clarity\versa_ecp5\pcie_subsys\pcie_mfx1_top\pcie_mfx1_top.vhd (N/A, 2022-02-27 15:20:20) <-- (may instantiate this module)
                        C:\project\PCIe_ECP5_MF\work\clarity\versa_ecp5\pcie_subsys\pcie_mfx1_top\src\vlog\pcie_mfdev_v6.v (N/A, 2022-01-18 11:08:12) <-- (module definition)
11       work.I7639B3DE6448BF04A6DF404C0FEDBA75.verilog may have changed because the following files changed:
                        C:\project\PCIe_ECP5_MF\work\clarity\versa_ecp5\pcie_subsys\pcie_mfx1_top\pcie_mfx1_top.vhd (N/A, 2022-02-27 15:20:20) <-- (may instantiate this module)
                        C:\project\PCIe_ECP5_MF\work\clarity\versa_ecp5\pcie_subsys\pcie_mfx1_top\src\vlog\pcie_mfdev_v6.v (N/A, 2022-01-18 11:08:12) <-- (module definition)
12       work.I7649039BBE19689793FEE4FADDDEF1E8.verilog may have changed because the following files changed:
                        C:\project\PCIe_ECP5_MF\work\clarity\versa_ecp5\pcie_subsys\pcie_mfx1_top\pcie_mfx1_top.vhd (N/A, 2022-02-27 15:20:20) <-- (may instantiate this module)
                        C:\project\PCIe_ECP5_MF\work\clarity\versa_ecp5\pcie_subsys\pcie_mfx1_top\src\vlog\pcie_mfdev_v6.v (N/A, 2022-01-18 11:08:12) <-- (module definition)
13       work.I792C47F7E7D7705A2329EEB04CA92E91.verilog may have changed because the following files changed:
                        C:\project\PCIe_ECP5_MF\work\clarity\versa_ecp5\pcie_subsys\pcie_mfx1_top\pcie_mfx1_top.vhd (N/A, 2022-02-27 15:20:20) <-- (may instantiate this module)
                        C:\project\PCIe_ECP5_MF\work\clarity\versa_ecp5\pcie_subsys\pcie_mfx1_top\src\vlog\pcie_mfdev_v6.v (N/A, 2022-01-18 11:08:12) <-- (module definition)
14       work.I7C908B0C1EFA5CDE82E200D3BD5B8C53.verilog may have changed because the following files changed:
                        C:\project\PCIe_ECP5_MF\work\clarity\versa_ecp5\pcie_subsys\pcie_mfx1_top\pcie_mfx1_top.vhd (N/A, 2022-02-27 15:20:20) <-- (may instantiate this module)
                        C:\project\PCIe_ECP5_MF\work\clarity\versa_ecp5\pcie_subsys\pcie_mfx1_top\src\vlog\pcie_mfdev_v6.v (N/A, 2022-01-18 11:08:12) <-- (module definition)
15       work.I8489B3291801D4F3BE8AED05E26C4566.verilog may have changed because the following files changed:
                        C:\project\PCIe_ECP5_MF\work\clarity\versa_ecp5\pcie_subsys\pcie_mfx1_top\pcie_mfx1_top.vhd (N/A, 2022-02-27 15:20:20) <-- (may instantiate this module)
                        C:\project\PCIe_ECP5_MF\work\clarity\versa_ecp5\pcie_subsys\pcie_mfx1_top\src\vlog\pcie_mfdev_v6.v (N/A, 2022-01-18 11:08:12) <-- (module definition)
16       work.I96EF4C28535915F06C7CA4A3F14655BA.verilog may have changed because the following files changed:
                        C:\project\PCIe_ECP5_MF\work\clarity\versa_ecp5\pcie_subsys\pcie_mfx1_top\pcie_mfx1_top.vhd (N/A, 2022-02-27 15:20:20) <-- (may instantiate this module)
                        C:\project\PCIe_ECP5_MF\work\clarity\versa_ecp5\pcie_subsys\pcie_mfx1_top\src\vlog\pcie_mfdev_v6.v (N/A, 2022-01-18 11:08:12) <-- (module definition)
17       work.IA68D2B0762B11205E05F2AB6538CBB65.verilog may have changed because the following files changed:
                        C:\project\PCIe_ECP5_MF\work\clarity\versa_ecp5\pcie_subsys\pcie_mfx1_top\pcie_mfx1_top.vhd (N/A, 2022-02-27 15:20:20) <-- (may instantiate this module)
                        C:\project\PCIe_ECP5_MF\work\clarity\versa_ecp5\pcie_subsys\pcie_mfx1_top\src\vlog\pcie_mfdev_v6.v (N/A, 2022-01-18 11:08:12) <-- (module definition)
18       work.IA8C351750B9DBEE4D8ADA94748C8E5D1.verilog may have changed because the following files changed:
                        C:\project\PCIe_ECP5_MF\work\clarity\versa_ecp5\pcie_subsys\pcie_mfx1_top\pcie_mfx1_top.vhd (N/A, 2022-02-27 15:20:20) <-- (may instantiate this module)
                        C:\project\PCIe_ECP5_MF\work\clarity\versa_ecp5\pcie_subsys\pcie_mfx1_top\src\vlog\pcie_mfdev_v6.v (N/A, 2022-01-18 11:08:12) <-- (module definition)
19       work.IAC6C4C771C836211892F0FD3F47BC076.verilog may have changed because the following files changed:
                        C:\project\PCIe_ECP5_MF\work\clarity\versa_ecp5\pcie_subsys\pcie_mfx1_top\pcie_mfx1_top.vhd (N/A, 2022-02-27 15:20:20) <-- (may instantiate this module)
                        C:\project\PCIe_ECP5_MF\work\clarity\versa_ecp5\pcie_subsys\pcie_mfx1_top\src\vlog\pcie_mfdev_v6.v (N/A, 2022-01-18 11:08:12) <-- (module definition)
20       work.IB48580D48DC6311D8E12B4626CE243D8.verilog may have changed because the following files changed:
                        C:\project\PCIe_ECP5_MF\work\clarity\versa_ecp5\pcie_subsys\pcie_mfx1_top\pcie_mfx1_top.vhd (N/A, 2022-02-27 15:20:20) <-- (may instantiate this module)
                        C:\project\PCIe_ECP5_MF\work\clarity\versa_ecp5\pcie_subsys\pcie_mfx1_top\src\vlog\pcie_mfdev_v6.v (N/A, 2022-01-18 11:08:12) <-- (module definition)
21       work.IB692DAE41499E4B01D446B8B28C804EB.verilog may have changed because the following files changed:
                        C:\project\PCIe_ECP5_MF\work\clarity\versa_ecp5\pcie_subsys\pcie_mfx1_top\pcie_mfx1_top.vhd (N/A, 2022-02-27 15:20:20) <-- (may instantiate this module)
                        C:\project\PCIe_ECP5_MF\work\clarity\versa_ecp5\pcie_subsys\pcie_mfx1_top\src\vlog\pcie_mfdev_v6.v (N/A, 2022-01-18 11:08:12) <-- (module definition)
22       work.IC067A254D727EC6E4653DEA8E2C9ED79.verilog may have changed because the following files changed:
                        C:\project\PCIe_ECP5_MF\work\clarity\versa_ecp5\pcie_subsys\pcie_mfx1_top\pcie_mfx1_top.vhd (N/A, 2022-02-27 15:20:20) <-- (may instantiate this module)
                        C:\project\PCIe_ECP5_MF\work\clarity\versa_ecp5\pcie_subsys\pcie_mfx1_top\src\vlog\pcie_mfdev_v6.v (N/A, 2022-01-18 11:08:12) <-- (module definition)
23       work.IC3C2C92E294852CA4AE110FD59776962.verilog may have changed because the following files changed:
                        C:\project\PCIe_ECP5_MF\work\clarity\versa_ecp5\pcie_subsys\pcie_mfx1_top\pcie_mfx1_top.vhd (N/A, 2022-02-27 15:20:20) <-- (may instantiate this module)
                        C:\project\PCIe_ECP5_MF\work\clarity\versa_ecp5\pcie_subsys\pcie_mfx1_top\src\vlog\pcie_mfdev_v6.v (N/A, 2022-01-18 11:08:12) <-- (module definition)
24       work.ICD3F460CCA1DA6A6D1EAF48665780088.verilog may have changed because the following files changed:
                        C:\project\PCIe_ECP5_MF\work\clarity\versa_ecp5\pcie_subsys\pcie_mfx1_top\pcie_mfx1_top.vhd (N/A, 2022-02-27 15:20:20) <-- (may instantiate this module)
                        C:\project\PCIe_ECP5_MF\work\clarity\versa_ecp5\pcie_subsys\pcie_mfx1_top\src\vlog\pcie_mfdev_v6.v (N/A, 2022-01-18 11:08:12) <-- (module definition)
25       work.ICF327C89C36124513E146F1FF3BCDEEB.verilog may have changed because the following files changed:
                        C:\project\PCIe_ECP5_MF\work\clarity\versa_ecp5\pcie_subsys\pcie_mfx1_top\pcie_mfx1_top.vhd (N/A, 2022-02-27 15:20:20) <-- (may instantiate this module)
                        C:\project\PCIe_ECP5_MF\work\clarity\versa_ecp5\pcie_subsys\pcie_mfx1_top\src\vlog\pcie_mfdev_v6.v (N/A, 2022-01-18 11:08:12) <-- (module definition)
26       work.ID6D6E4DEEE2F225D2FE2E68AEDBFADC7.verilog may have changed because the following files changed:
                        C:\project\PCIe_ECP5_MF\work\clarity\versa_ecp5\pcie_subsys\pcie_mfx1_top\pcie_mfx1_top.vhd (N/A, 2022-02-27 15:20:20) <-- (may instantiate this module)
                        C:\project\PCIe_ECP5_MF\work\clarity\versa_ecp5\pcie_subsys\pcie_mfx1_top\src\vlog\pcie_mfdev_v6.v (N/A, 2022-01-18 11:08:12) <-- (module definition)
27       work.ID81B7D29F9F1B2882EE754B639B67517.verilog may have changed because the following files changed:
                        C:\project\PCIe_ECP5_MF\work\clarity\versa_ecp5\pcie_subsys\pcie_mfx1_top\pcie_mfx1_top.vhd (N/A, 2022-02-27 15:20:20) <-- (may instantiate this module)
                        C:\project\PCIe_ECP5_MF\work\clarity\versa_ecp5\pcie_subsys\pcie_mfx1_top\src\vlog\pcie_mfdev_v6.v (N/A, 2022-01-18 11:08:12) <-- (module definition)
28       work.IDBAB269DB7AFDA96620B9B09A1C1D253.verilog may have changed because the following files changed:
                        C:\project\PCIe_ECP5_MF\work\clarity\versa_ecp5\pcie_subsys\pcie_mfx1_top\pcie_mfx1_top.vhd (N/A, 2022-02-27 15:20:20) <-- (may instantiate this module)
                        C:\project\PCIe_ECP5_MF\work\clarity\versa_ecp5\pcie_subsys\pcie_mfx1_top\src\vlog\pcie_mfdev_v6.v (N/A, 2022-01-18 11:08:12) <-- (module definition)
29       work.IE37A0AF0C4EF574205CEC4FFC0E18B72.verilog may have changed because the following files changed:
                        C:\project\PCIe_ECP5_MF\work\clarity\versa_ecp5\pcie_subsys\pcie_mfx1_top\pcie_mfx1_top.vhd (N/A, 2022-02-27 15:20:20) <-- (may instantiate this module)
                        C:\project\PCIe_ECP5_MF\work\clarity\versa_ecp5\pcie_subsys\pcie_mfx1_top\src\vlog\pcie_mfdev_v6.v (N/A, 2022-01-18 11:08:12) <-- (module definition)
30       work.IE63C8C66EC36AC972570F7B8665A4225.verilog may have changed because the following files changed:
                        C:\project\PCIe_ECP5_MF\work\clarity\versa_ecp5\pcie_subsys\pcie_mfx1_top\pcie_mfx1_top.vhd (N/A, 2022-02-27 15:20:20) <-- (may instantiate this module)
                        C:\project\PCIe_ECP5_MF\work\clarity\versa_ecp5\pcie_subsys\pcie_mfx1_top\src\vlog\pcie_mfdev_v6.v (N/A, 2022-01-18 11:08:12) <-- (module definition)
31       work.IF44E5E7AB65AFFA1AF3DA949DB91C839.verilog may have changed because the following files changed:
                        C:\project\PCIe_ECP5_MF\work\clarity\versa_ecp5\pcie_subsys\pcie_mfx1_top\pcie_mfx1_top.vhd (N/A, 2022-02-27 15:20:20) <-- (may instantiate this module)
                        C:\project\PCIe_ECP5_MF\work\clarity\versa_ecp5\pcie_subsys\pcie_mfx1_top\src\vlog\pcie_mfdev_v6.v (N/A, 2022-01-18 11:08:12) <-- (module definition)
32       work.IF4FD65273243DC47A72869EEEA639DCD.verilog may have changed because the following files changed:
                        C:\project\PCIe_ECP5_MF\work\clarity\versa_ecp5\pcie_subsys\pcie_mfx1_top\pcie_mfx1_top.vhd (N/A, 2022-02-27 15:20:20) <-- (may instantiate this module)
                        C:\project\PCIe_ECP5_MF\work\clarity\versa_ecp5\pcie_subsys\pcie_mfx1_top\src\vlog\pcie_mfdev_v6.v (N/A, 2022-01-18 11:08:12) <-- (module definition)
33       work.IF50ADBFC5F4E76B680AD98E97599279A.verilog may have changed because the following files changed:
                        C:\project\PCIe_ECP5_MF\work\clarity\versa_ecp5\pcie_subsys\pcie_mfx1_top\pcie_mfx1_top.vhd (N/A, 2022-02-27 15:20:20) <-- (may instantiate this module)
                        C:\project\PCIe_ECP5_MF\work\clarity\versa_ecp5\pcie_subsys\pcie_mfx1_top\src\vlog\pcie_mfdev_v6.v (N/A, 2022-01-18 11:08:12) <-- (module definition)
34       work.IF8888DF840520FCED3157D151D128B3B.verilog may have changed because the following files changed:
                        C:\project\PCIe_ECP5_MF\work\clarity\versa_ecp5\pcie_subsys\pcie_mfx1_top\pcie_mfx1_top.vhd (N/A, 2022-02-27 15:20:20) <-- (may instantiate this module)
                        C:\project\PCIe_ECP5_MF\work\clarity\versa_ecp5\pcie_subsys\pcie_mfx1_top\src\vlog\pcie_mfdev_v6.v (N/A, 2022-01-18 11:08:12) <-- (module definition)
35       work.IF9CF184FC93B215506F993588C9E7793.verilog may have changed because the following files changed:
                        C:\project\PCIe_ECP5_MF\work\clarity\versa_ecp5\pcie_subsys\pcie_mfx1_top\pcie_mfx1_top.vhd (N/A, 2022-02-27 15:20:20) <-- (may instantiate this module)
                        C:\project\PCIe_ECP5_MF\work\clarity\versa_ecp5\pcie_subsys\pcie_mfx1_top\src\vlog\pcie_mfdev_v6.v (N/A, 2022-01-18 11:08:12) <-- (module definition)
36       work.IFF5E0986AB6F727F3EEDED75702CE45A.verilog may have changed because the following files changed:
                        C:\project\PCIe_ECP5_MF\work\clarity\versa_ecp5\pcie_subsys\pcie_mfx1_top\pcie_mfx1_top.vhd (N/A, 2022-02-27 15:20:20) <-- (may instantiate this module)
                        C:\project\PCIe_ECP5_MF\work\clarity\versa_ecp5\pcie_subsys\pcie_mfx1_top\src\vlog\pcie_mfdev_v6.v (N/A, 2022-01-18 11:08:12) <-- (module definition)
37       work.credit_config.verilog may have changed because the following files changed:
                        C:\project\PCIe_ECP5_MF\work\clarity\versa_ecp5\pcie_subsys\pcie_mfx1_top\pcie_mfx1_top.vhd (N/A, 2022-02-27 15:20:20) <-- (may instantiate this module)
                        C:\project\PCIe_ECP5_MF\work\clarity\versa_ecp5\pcie_subsys\pcie_mfx1_top\src\vlog\pcie_mfdev_v6.v (N/A, 2022-01-18 11:08:12) <-- (module definition)
38       work.jtagconn16.verilog may have changed because the following files changed:
                        C:\lscc\diamond\3.12\cae_library\synthesis\verilog\pmi_def.v (N/A, 2020-11-25 07:53:48) <-- (module definition)
                        C:\project\PCIe_ECP5_MF\work\clarity\versa_ecp5\pcie_subsys\pcie_mfx1_top\pcie_mfx1_top.vhd (N/A, 2022-02-27 15:20:20) <-- (may instantiate this module)
                        C:\project\PCIe_ECP5_MF\work\clarity\versa_ecp5\pcie_subsys\pcie_mfx1_top\src\vlog\pcie_mfdev_v6.v (N/A, 2022-01-18 11:08:12) <-- (may instantiate this module)
39       work.jtaghub16.verilog may have changed because the following files changed:
                        C:\lscc\diamond\3.12\cae_library\synthesis\verilog\pmi_def.v (N/A, 2020-11-25 07:53:48) <-- (module definition)
                        C:\project\PCIe_ECP5_MF\work\clarity\versa_ecp5\pcie_subsys\pcie_mfx1_top\pcie_mfx1_top.vhd (N/A, 2022-02-27 15:20:20) <-- (may instantiate this module)
                        C:\project\PCIe_ECP5_MF\work\clarity\versa_ecp5\pcie_subsys\pcie_mfx1_top\src\vlog\pcie_mfdev_v6.v (N/A, 2022-01-18 11:08:12) <-- (may instantiate this module)
40       work.pcie_mfdev_subsys.verilog may have changed because the following files changed:
                        C:\project\PCIe_ECP5_MF\work\clarity\versa_ecp5\pcie_subsys\pcie_mfx1_top\pcie_mfx1_top.vhd (N/A, 2022-02-27 15:20:20) <-- (may instantiate this module)
                        C:\project\PCIe_ECP5_MF\work\clarity\versa_ecp5\pcie_subsys\pcie_mfx1_top\src\vlog\pcie_mfdev_v6.v (N/A, 2022-01-18 11:08:12) <-- (module definition)
41       work.pcie_mfx1_top.rtl may have changed because the following files changed:
                        C:\project\PCIe_ECP5_MF\work\clarity\versa_ecp5\pcie_subsys\pcie_mfx1_top\pcie_mfx1_top.vhd (N/A, 2022-02-27 15:20:20) <-- (architecture and entity definition)
43       work.pmi_add.verilog may have changed because the following files changed:
                        C:\lscc\diamond\3.12\cae_library\synthesis\verilog\pmi_def.v (N/A, 2020-11-25 07:53:48) <-- (module definition)
                        C:\project\PCIe_ECP5_MF\work\clarity\versa_ecp5\pcie_subsys\pcie_mfx1_top\pcie_mfx1_top.vhd (N/A, 2022-02-27 15:20:20) <-- (may instantiate this module)
                        C:\project\PCIe_ECP5_MF\work\clarity\versa_ecp5\pcie_subsys\pcie_mfx1_top\src\vlog\pcie_mfdev_v6.v (N/A, 2022-01-18 11:08:12) <-- (may instantiate this module)
44       work.pmi_addsub.verilog may have changed because the following files changed:
                        C:\lscc\diamond\3.12\cae_library\synthesis\verilog\pmi_def.v (N/A, 2020-11-25 07:53:48) <-- (module definition)
                        C:\project\PCIe_ECP5_MF\work\clarity\versa_ecp5\pcie_subsys\pcie_mfx1_top\pcie_mfx1_top.vhd (N/A, 2022-02-27 15:20:20) <-- (may instantiate this module)
                        C:\project\PCIe_ECP5_MF\work\clarity\versa_ecp5\pcie_subsys\pcie_mfx1_top\src\vlog\pcie_mfdev_v6.v (N/A, 2022-01-18 11:08:12) <-- (may instantiate this module)
45       work.pmi_complex_mult.verilog may have changed because the following files changed:
                        C:\lscc\diamond\3.12\cae_library\synthesis\verilog\pmi_def.v (N/A, 2020-11-25 07:53:48) <-- (module definition)
                        C:\project\PCIe_ECP5_MF\work\clarity\versa_ecp5\pcie_subsys\pcie_mfx1_top\pcie_mfx1_top.vhd (N/A, 2022-02-27 15:20:20) <-- (may instantiate this module)
                        C:\project\PCIe_ECP5_MF\work\clarity\versa_ecp5\pcie_subsys\pcie_mfx1_top\src\vlog\pcie_mfdev_v6.v (N/A, 2022-01-18 11:08:12) <-- (may instantiate this module)
46       work.pmi_constant_mult.verilog may have changed because the following files changed:
                        C:\lscc\diamond\3.12\cae_library\synthesis\verilog\pmi_def.v (N/A, 2020-11-25 07:53:48) <-- (module definition)
                        C:\project\PCIe_ECP5_MF\work\clarity\versa_ecp5\pcie_subsys\pcie_mfx1_top\pcie_mfx1_top.vhd (N/A, 2022-02-27 15:20:20) <-- (may instantiate this module)
                        C:\project\PCIe_ECP5_MF\work\clarity\versa_ecp5\pcie_subsys\pcie_mfx1_top\src\vlog\pcie_mfdev_v6.v (N/A, 2022-01-18 11:08:12) <-- (may instantiate this module)
47       work.pmi_counter.verilog may have changed because the following files changed:
                        C:\lscc\diamond\3.12\cae_library\synthesis\verilog\pmi_def.v (N/A, 2020-11-25 07:53:48) <-- (module definition)
                        C:\project\PCIe_ECP5_MF\work\clarity\versa_ecp5\pcie_subsys\pcie_mfx1_top\pcie_mfx1_top.vhd (N/A, 2022-02-27 15:20:20) <-- (may instantiate this module)
                        C:\project\PCIe_ECP5_MF\work\clarity\versa_ecp5\pcie_subsys\pcie_mfx1_top\src\vlog\pcie_mfdev_v6.v (N/A, 2022-01-18 11:08:12) <-- (may instantiate this module)
48       work.pmi_distributed_dpram.verilog may have changed because the following files changed:
                        C:\lscc\diamond\3.12\cae_library\synthesis\verilog\pmi_def.v (N/A, 2020-11-25 07:53:48) <-- (module definition)
                        C:\project\PCIe_ECP5_MF\work\clarity\versa_ecp5\pcie_subsys\pcie_mfx1_top\pcie_mfx1_top.vhd (N/A, 2022-02-27 15:20:20) <-- (may instantiate this module)
                        C:\project\PCIe_ECP5_MF\work\clarity\versa_ecp5\pcie_subsys\pcie_mfx1_top\src\vlog\pcie_mfdev_v6.v (N/A, 2022-01-18 11:08:12) <-- (may instantiate this module)
49       work.pmi_distributed_rom.verilog may have changed because the following files changed:
                        C:\lscc\diamond\3.12\cae_library\synthesis\verilog\pmi_def.v (N/A, 2020-11-25 07:53:48) <-- (module definition)
                        C:\project\PCIe_ECP5_MF\work\clarity\versa_ecp5\pcie_subsys\pcie_mfx1_top\pcie_mfx1_top.vhd (N/A, 2022-02-27 15:20:20) <-- (may instantiate this module)
                        C:\project\PCIe_ECP5_MF\work\clarity\versa_ecp5\pcie_subsys\pcie_mfx1_top\src\vlog\pcie_mfdev_v6.v (N/A, 2022-01-18 11:08:12) <-- (may instantiate this module)
50       work.pmi_distributed_shift_reg.verilog may have changed because the following files changed:
                        C:\lscc\diamond\3.12\cae_library\synthesis\verilog\pmi_def.v (N/A, 2020-11-25 07:53:48) <-- (module definition)
                        C:\project\PCIe_ECP5_MF\work\clarity\versa_ecp5\pcie_subsys\pcie_mfx1_top\pcie_mfx1_top.vhd (N/A, 2022-02-27 15:20:20) <-- (may instantiate this module)
                        C:\project\PCIe_ECP5_MF\work\clarity\versa_ecp5\pcie_subsys\pcie_mfx1_top\src\vlog\pcie_mfdev_v6.v (N/A, 2022-01-18 11:08:12) <-- (may instantiate this module)
51       work.pmi_distributed_spram.verilog may have changed because the following files changed:
                        C:\lscc\diamond\3.12\cae_library\synthesis\verilog\pmi_def.v (N/A, 2020-11-25 07:53:48) <-- (module definition)
                        C:\project\PCIe_ECP5_MF\work\clarity\versa_ecp5\pcie_subsys\pcie_mfx1_top\pcie_mfx1_top.vhd (N/A, 2022-02-27 15:20:20) <-- (may instantiate this module)
                        C:\project\PCIe_ECP5_MF\work\clarity\versa_ecp5\pcie_subsys\pcie_mfx1_top\src\vlog\pcie_mfdev_v6.v (N/A, 2022-01-18 11:08:12) <-- (may instantiate this module)
52       work.pmi_dsp_casmultaddsub.verilog may have changed because the following files changed:
                        C:\lscc\diamond\3.12\cae_library\synthesis\verilog\pmi_def.v (N/A, 2020-11-25 07:53:48) <-- (module definition)
                        C:\project\PCIe_ECP5_MF\work\clarity\versa_ecp5\pcie_subsys\pcie_mfx1_top\pcie_mfx1_top.vhd (N/A, 2022-02-27 15:20:20) <-- (may instantiate this module)
                        C:\project\PCIe_ECP5_MF\work\clarity\versa_ecp5\pcie_subsys\pcie_mfx1_top\src\vlog\pcie_mfdev_v6.v (N/A, 2022-01-18 11:08:12) <-- (may instantiate this module)
53       work.pmi_dsp_mac.verilog may have changed because the following files changed:
                        C:\lscc\diamond\3.12\cae_library\synthesis\verilog\pmi_def.v (N/A, 2020-11-25 07:53:48) <-- (module definition)
                        C:\project\PCIe_ECP5_MF\work\clarity\versa_ecp5\pcie_subsys\pcie_mfx1_top\pcie_mfx1_top.vhd (N/A, 2022-02-27 15:20:20) <-- (may instantiate this module)
                        C:\project\PCIe_ECP5_MF\work\clarity\versa_ecp5\pcie_subsys\pcie_mfx1_top\src\vlog\pcie_mfdev_v6.v (N/A, 2022-01-18 11:08:12) <-- (may instantiate this module)
54       work.pmi_dsp_mult.verilog may have changed because the following files changed:
                        C:\lscc\diamond\3.12\cae_library\synthesis\verilog\pmi_def.v (N/A, 2020-11-25 07:53:48) <-- (module definition)
                        C:\project\PCIe_ECP5_MF\work\clarity\versa_ecp5\pcie_subsys\pcie_mfx1_top\pcie_mfx1_top.vhd (N/A, 2022-02-27 15:20:20) <-- (may instantiate this module)
                        C:\project\PCIe_ECP5_MF\work\clarity\versa_ecp5\pcie_subsys\pcie_mfx1_top\src\vlog\pcie_mfdev_v6.v (N/A, 2022-01-18 11:08:12) <-- (may instantiate this module)
55       work.pmi_dsp_multaddsub.verilog may have changed because the following files changed:
                        C:\lscc\diamond\3.12\cae_library\synthesis\verilog\pmi_def.v (N/A, 2020-11-25 07:53:48) <-- (module definition)
                        C:\project\PCIe_ECP5_MF\work\clarity\versa_ecp5\pcie_subsys\pcie_mfx1_top\pcie_mfx1_top.vhd (N/A, 2022-02-27 15:20:20) <-- (may instantiate this module)
                        C:\project\PCIe_ECP5_MF\work\clarity\versa_ecp5\pcie_subsys\pcie_mfx1_top\src\vlog\pcie_mfdev_v6.v (N/A, 2022-01-18 11:08:12) <-- (may instantiate this module)
56       work.pmi_dsp_multaddsubsum.verilog may have changed because the following files changed:
                        C:\lscc\diamond\3.12\cae_library\synthesis\verilog\pmi_def.v (N/A, 2020-11-25 07:53:48) <-- (module definition)
                        C:\project\PCIe_ECP5_MF\work\clarity\versa_ecp5\pcie_subsys\pcie_mfx1_top\pcie_mfx1_top.vhd (N/A, 2022-02-27 15:20:20) <-- (may instantiate this module)
                        C:\project\PCIe_ECP5_MF\work\clarity\versa_ecp5\pcie_subsys\pcie_mfx1_top\src\vlog\pcie_mfdev_v6.v (N/A, 2022-01-18 11:08:12) <-- (may instantiate this module)
57       work.pmi_dsp_preadd_slice.verilog may have changed because the following files changed:
                        C:\lscc\diamond\3.12\cae_library\synthesis\verilog\pmi_def.v (N/A, 2020-11-25 07:53:48) <-- (module definition)
                        C:\project\PCIe_ECP5_MF\work\clarity\versa_ecp5\pcie_subsys\pcie_mfx1_top\pcie_mfx1_top.vhd (N/A, 2022-02-27 15:20:20) <-- (may instantiate this module)
                        C:\project\PCIe_ECP5_MF\work\clarity\versa_ecp5\pcie_subsys\pcie_mfx1_top\src\vlog\pcie_mfdev_v6.v (N/A, 2022-01-18 11:08:12) <-- (may instantiate this module)
58       work.pmi_fifo.verilog may have changed because the following files changed:
                        C:\lscc\diamond\3.12\cae_library\synthesis\verilog\pmi_def.v (N/A, 2020-11-25 07:53:48) <-- (module definition)
                        C:\project\PCIe_ECP5_MF\work\clarity\versa_ecp5\pcie_subsys\pcie_mfx1_top\pcie_mfx1_top.vhd (N/A, 2022-02-27 15:20:20) <-- (may instantiate this module)
                        C:\project\PCIe_ECP5_MF\work\clarity\versa_ecp5\pcie_subsys\pcie_mfx1_top\src\vlog\pcie_mfdev_v6.v (N/A, 2022-01-18 11:08:12) <-- (may instantiate this module)
59       work.pmi_fifo_dc.verilog may have changed because the following files changed:
                        C:\lscc\diamond\3.12\cae_library\synthesis\verilog\pmi_def.v (N/A, 2020-11-25 07:53:48) <-- (module definition)
                        C:\project\PCIe_ECP5_MF\work\clarity\versa_ecp5\pcie_subsys\pcie_mfx1_top\pcie_mfx1_top.vhd (N/A, 2022-02-27 15:20:20) <-- (may instantiate this module)
                        C:\project\PCIe_ECP5_MF\work\clarity\versa_ecp5\pcie_subsys\pcie_mfx1_top\src\vlog\pcie_mfdev_v6.v (N/A, 2022-01-18 11:08:12) <-- (may instantiate this module)
60       work.pmi_mac.verilog may have changed because the following files changed:
                        C:\lscc\diamond\3.12\cae_library\synthesis\verilog\pmi_def.v (N/A, 2020-11-25 07:53:48) <-- (module definition)
                        C:\project\PCIe_ECP5_MF\work\clarity\versa_ecp5\pcie_subsys\pcie_mfx1_top\pcie_mfx1_top.vhd (N/A, 2022-02-27 15:20:20) <-- (may instantiate this module)
                        C:\project\PCIe_ECP5_MF\work\clarity\versa_ecp5\pcie_subsys\pcie_mfx1_top\src\vlog\pcie_mfdev_v6.v (N/A, 2022-01-18 11:08:12) <-- (may instantiate this module)
61       work.pmi_mult.verilog may have changed because the following files changed:
                        C:\lscc\diamond\3.12\cae_library\synthesis\verilog\pmi_def.v (N/A, 2020-11-25 07:53:48) <-- (module definition)
                        C:\project\PCIe_ECP5_MF\work\clarity\versa_ecp5\pcie_subsys\pcie_mfx1_top\pcie_mfx1_top.vhd (N/A, 2022-02-27 15:20:20) <-- (may instantiate this module)
                        C:\project\PCIe_ECP5_MF\work\clarity\versa_ecp5\pcie_subsys\pcie_mfx1_top\src\vlog\pcie_mfdev_v6.v (N/A, 2022-01-18 11:08:12) <-- (may instantiate this module)
62       work.pmi_multaddsub.verilog may have changed because the following files changed:
                        C:\lscc\diamond\3.12\cae_library\synthesis\verilog\pmi_def.v (N/A, 2020-11-25 07:53:48) <-- (module definition)
                        C:\project\PCIe_ECP5_MF\work\clarity\versa_ecp5\pcie_subsys\pcie_mfx1_top\pcie_mfx1_top.vhd (N/A, 2022-02-27 15:20:20) <-- (may instantiate this module)
                        C:\project\PCIe_ECP5_MF\work\clarity\versa_ecp5\pcie_subsys\pcie_mfx1_top\src\vlog\pcie_mfdev_v6.v (N/A, 2022-01-18 11:08:12) <-- (may instantiate this module)
63       work.pmi_multaddsubsum.verilog may have changed because the following files changed:
                        C:\lscc\diamond\3.12\cae_library\synthesis\verilog\pmi_def.v (N/A, 2020-11-25 07:53:48) <-- (module definition)
                        C:\project\PCIe_ECP5_MF\work\clarity\versa_ecp5\pcie_subsys\pcie_mfx1_top\pcie_mfx1_top.vhd (N/A, 2022-02-27 15:20:20) <-- (may instantiate this module)
                        C:\project\PCIe_ECP5_MF\work\clarity\versa_ecp5\pcie_subsys\pcie_mfx1_top\src\vlog\pcie_mfdev_v6.v (N/A, 2022-01-18 11:08:12) <-- (may instantiate this module)
64       work.pmi_pll.verilog may have changed because the following files changed:
                        C:\lscc\diamond\3.12\cae_library\synthesis\verilog\pmi_def.v (N/A, 2020-11-25 07:53:48) <-- (module definition)
                        C:\project\PCIe_ECP5_MF\work\clarity\versa_ecp5\pcie_subsys\pcie_mfx1_top\pcie_mfx1_top.vhd (N/A, 2022-02-27 15:20:20) <-- (may instantiate this module)
                        C:\project\PCIe_ECP5_MF\work\clarity\versa_ecp5\pcie_subsys\pcie_mfx1_top\src\vlog\pcie_mfdev_v6.v (N/A, 2022-01-18 11:08:12) <-- (may instantiate this module)
65       work.pmi_pll_fp.verilog may have changed because the following files changed:
                        C:\lscc\diamond\3.12\cae_library\synthesis\verilog\pmi_def.v (N/A, 2020-11-25 07:53:48) <-- (module definition)
                        C:\project\PCIe_ECP5_MF\work\clarity\versa_ecp5\pcie_subsys\pcie_mfx1_top\pcie_mfx1_top.vhd (N/A, 2022-02-27 15:20:20) <-- (may instantiate this module)
                        C:\project\PCIe_ECP5_MF\work\clarity\versa_ecp5\pcie_subsys\pcie_mfx1_top\src\vlog\pcie_mfdev_v6.v (N/A, 2022-01-18 11:08:12) <-- (may instantiate this module)
66       work.pmi_ram_dp.verilog may have changed because the following files changed:
                        C:\lscc\diamond\3.12\cae_library\synthesis\verilog\pmi_def.v (N/A, 2020-11-25 07:53:48) <-- (module definition)
                        C:\project\PCIe_ECP5_MF\work\clarity\versa_ecp5\pcie_subsys\pcie_mfx1_top\pcie_mfx1_top.vhd (N/A, 2022-02-27 15:20:20) <-- (may instantiate this module)
                        C:\project\PCIe_ECP5_MF\work\clarity\versa_ecp5\pcie_subsys\pcie_mfx1_top\src\vlog\pcie_mfdev_v6.v (N/A, 2022-01-18 11:08:12) <-- (may instantiate this module)
67       work.pmi_ram_dp_be.verilog may have changed because the following files changed:
                        C:\lscc\diamond\3.12\cae_library\synthesis\verilog\pmi_def.v (N/A, 2020-11-25 07:53:48) <-- (module definition)
                        C:\project\PCIe_ECP5_MF\work\clarity\versa_ecp5\pcie_subsys\pcie_mfx1_top\pcie_mfx1_top.vhd (N/A, 2022-02-27 15:20:20) <-- (may instantiate this module)
                        C:\project\PCIe_ECP5_MF\work\clarity\versa_ecp5\pcie_subsys\pcie_mfx1_top\src\vlog\pcie_mfdev_v6.v (N/A, 2022-01-18 11:08:12) <-- (may instantiate this module)
68       work.pmi_ram_dp_true.verilog may have changed because the following files changed:
                        C:\lscc\diamond\3.12\cae_library\synthesis\verilog\pmi_def.v (N/A, 2020-11-25 07:53:48) <-- (module definition)
                        C:\project\PCIe_ECP5_MF\work\clarity\versa_ecp5\pcie_subsys\pcie_mfx1_top\pcie_mfx1_top.vhd (N/A, 2022-02-27 15:20:20) <-- (may instantiate this module)
                        C:\project\PCIe_ECP5_MF\work\clarity\versa_ecp5\pcie_subsys\pcie_mfx1_top\src\vlog\pcie_mfdev_v6.v (N/A, 2022-01-18 11:08:12) <-- (may instantiate this module)
69       work.pmi_ram_dp_true_be.verilog may have changed because the following files changed:
                        C:\lscc\diamond\3.12\cae_library\synthesis\verilog\pmi_def.v (N/A, 2020-11-25 07:53:48) <-- (module definition)
                        C:\project\PCIe_ECP5_MF\work\clarity\versa_ecp5\pcie_subsys\pcie_mfx1_top\pcie_mfx1_top.vhd (N/A, 2022-02-27 15:20:20) <-- (may instantiate this module)
                        C:\project\PCIe_ECP5_MF\work\clarity\versa_ecp5\pcie_subsys\pcie_mfx1_top\src\vlog\pcie_mfdev_v6.v (N/A, 2022-01-18 11:08:12) <-- (may instantiate this module)
70       work.pmi_ram_dq.verilog may have changed because the following files changed:
                        C:\lscc\diamond\3.12\cae_library\synthesis\verilog\pmi_def.v (N/A, 2020-11-25 07:53:48) <-- (module definition)
                        C:\project\PCIe_ECP5_MF\work\clarity\versa_ecp5\pcie_subsys\pcie_mfx1_top\pcie_mfx1_top.vhd (N/A, 2022-02-27 15:20:20) <-- (may instantiate this module)
                        C:\project\PCIe_ECP5_MF\work\clarity\versa_ecp5\pcie_subsys\pcie_mfx1_top\src\vlog\pcie_mfdev_v6.v (N/A, 2022-01-18 11:08:12) <-- (may instantiate this module)
71       work.pmi_ram_dq_be.verilog may have changed because the following files changed:
                        C:\lscc\diamond\3.12\cae_library\synthesis\verilog\pmi_def.v (N/A, 2020-11-25 07:53:48) <-- (module definition)
                        C:\project\PCIe_ECP5_MF\work\clarity\versa_ecp5\pcie_subsys\pcie_mfx1_top\pcie_mfx1_top.vhd (N/A, 2022-02-27 15:20:20) <-- (may instantiate this module)
                        C:\project\PCIe_ECP5_MF\work\clarity\versa_ecp5\pcie_subsys\pcie_mfx1_top\src\vlog\pcie_mfdev_v6.v (N/A, 2022-01-18 11:08:12) <-- (may instantiate this module)
72       work.pmi_rom.verilog may have changed because the following files changed:
                        C:\lscc\diamond\3.12\cae_library\synthesis\verilog\pmi_def.v (N/A, 2020-11-25 07:53:48) <-- (module definition)
                        C:\project\PCIe_ECP5_MF\work\clarity\versa_ecp5\pcie_subsys\pcie_mfx1_top\pcie_mfx1_top.vhd (N/A, 2022-02-27 15:20:20) <-- (may instantiate this module)
                        C:\project\PCIe_ECP5_MF\work\clarity\versa_ecp5\pcie_subsys\pcie_mfx1_top\src\vlog\pcie_mfdev_v6.v (N/A, 2022-01-18 11:08:12) <-- (may instantiate this module)
73       work.pmi_sub.verilog may have changed because the following files changed:
                        C:\lscc\diamond\3.12\cae_library\synthesis\verilog\pmi_def.v (N/A, 2020-11-25 07:53:48) <-- (module definition)
                        C:\project\PCIe_ECP5_MF\work\clarity\versa_ecp5\pcie_subsys\pcie_mfx1_top\pcie_mfx1_top.vhd (N/A, 2022-02-27 15:20:20) <-- (may instantiate this module)
                        C:\project\PCIe_ECP5_MF\work\clarity\versa_ecp5\pcie_subsys\pcie_mfx1_top\src\vlog\pcie_mfdev_v6.v (N/A, 2022-01-18 11:08:12) <-- (may instantiate this module)

*******************************************************************
Unmodified files: 0
FID:  path (timestamp)

*******************************************************************
Unchanged modules: 0
MID:  lib.cell.view
