
Copyright (C) 1994-2021 Synopsys, Inc.
This Synopsys software and all associated documentation are proprietary to Synopsys, Inc.
and may only be used pursuant to the terms and conditions of a written license agreement
with Synopsys, Inc. All other use, reproduction, modification, or distribution of the
Synopsys software or the associated documentation is strictly prohibited.
Tool: Synplify Pro (R)
Build: R-2021.03L-SP1-1
Install: C:\lscc\diamond\3.12\synpbase
OS: Windows 6.2

Hostname: L-EQSS42R

Implementation : syn_results

# Written on Sun Feb 27 15:20:58 2022

##### DESIGN INFO #######################################################

Top View:                "pcie_mfx1_top"
Constraint File(s):      (none)




##### SUMMARY ############################################################

Found 0 issues in 0 out of 0 constraints


##### DETAILS ############################################################



Clock Relationships
*******************

Starting                     Ending                       |     rise to rise     |     fall to fall     |     rise to fall     |     fall to rise                     
---------------------------------------------------------------------------------------------------------------------------------------------------------------------
System                       pcie_mfx1_top|ix_clk_125     |     6.667            |     No paths         |     No paths         |     No paths                         
pcie_mfx1_top|ix_clk_125     System                       |     6.667            |     No paths         |     No paths         |     No paths                         
pcie_mfx1_top|ix_clk_125     pcie_mfx1_top|ix_clk_125     |     6.667            |     No paths         |     No paths         |     No paths                         
=====================================================================================================================================================================
 Note: 'No paths' indicates there are no paths in the design for that pair of clock edges.
       'Diff grp' indicates that paths exist but the starting clock and ending clock are in different clock groups.


Unconstrained Start/End Points
******************************

p:ix_dec_wb_cyc[0]
p:ix_dec_wb_cyc[1]
p:ix_dec_wb_cyc[2]
p:ix_dec_wb_cyc[3]
p:ix_dec_wb_cyc[4]
p:ix_dec_wb_cyc[5]
p:ix_dec_wb_cyc[6]
p:ix_dec_wb_cyc[7]
p:ix_ipx_dl_up
p:ix_ipx_malf_tlp
p:ix_ipx_rx_data[0]
p:ix_ipx_rx_data[1]
p:ix_ipx_rx_data[2]
p:ix_ipx_rx_data[3]
p:ix_ipx_rx_data[4]
p:ix_ipx_rx_data[5]
p:ix_ipx_rx_data[6]
p:ix_ipx_rx_data[7]
p:ix_ipx_rx_data[8]
p:ix_ipx_rx_data[9]
p:ix_ipx_rx_data[10]
p:ix_ipx_rx_data[11]
p:ix_ipx_rx_data[12]
p:ix_ipx_rx_data[13]
p:ix_ipx_rx_data[14]
p:ix_ipx_rx_data[15]
p:ix_ipx_rx_end
p:ix_ipx_rx_st
p:ix_ipx_tx_ca_cpld[0]
p:ix_ipx_tx_ca_cpld[1]
p:ix_ipx_tx_ca_cpld[2]
p:ix_ipx_tx_ca_cpld[3]
p:ix_ipx_tx_ca_cpld[4]
p:ix_ipx_tx_ca_cpld[5]
p:ix_ipx_tx_ca_cpld[6]
p:ix_ipx_tx_ca_cpld[7]
p:ix_ipx_tx_ca_cpld[8]
p:ix_ipx_tx_ca_cpld[9]
p:ix_ipx_tx_ca_cpld[10]
p:ix_ipx_tx_ca_cpld[11]
p:ix_ipx_tx_ca_cpld[12]
p:ix_ipx_tx_ca_cplh[0]
p:ix_ipx_tx_ca_cplh[1]
p:ix_ipx_tx_ca_cplh[2]
p:ix_ipx_tx_ca_cplh[3]
p:ix_ipx_tx_ca_cplh[4]
p:ix_ipx_tx_ca_cplh[5]
p:ix_ipx_tx_ca_cplh[6]
p:ix_ipx_tx_ca_cplh[7]
p:ix_ipx_tx_ca_cplh[8]
p:ix_ipx_tx_ca_npd[0]
p:ix_ipx_tx_ca_npd[1]
p:ix_ipx_tx_ca_npd[2]
p:ix_ipx_tx_ca_npd[3]
p:ix_ipx_tx_ca_npd[4]
p:ix_ipx_tx_ca_npd[5]
p:ix_ipx_tx_ca_npd[6]
p:ix_ipx_tx_ca_npd[7]
p:ix_ipx_tx_ca_npd[8]
p:ix_ipx_tx_ca_npd[9]
p:ix_ipx_tx_ca_npd[10]
p:ix_ipx_tx_ca_npd[11]
p:ix_ipx_tx_ca_npd[12]
p:ix_ipx_tx_ca_nph[0]
p:ix_ipx_tx_ca_nph[1]
p:ix_ipx_tx_ca_nph[2]
p:ix_ipx_tx_ca_nph[3]
p:ix_ipx_tx_ca_nph[4]
p:ix_ipx_tx_ca_nph[5]
p:ix_ipx_tx_ca_nph[6]
p:ix_ipx_tx_ca_nph[7]
p:ix_ipx_tx_ca_nph[8]
p:ix_ipx_tx_ca_pd[0]
p:ix_ipx_tx_ca_pd[1]
p:ix_ipx_tx_ca_pd[2]
p:ix_ipx_tx_ca_pd[3]
p:ix_ipx_tx_ca_pd[4]
p:ix_ipx_tx_ca_pd[5]
p:ix_ipx_tx_ca_pd[6]
p:ix_ipx_tx_ca_pd[7]
p:ix_ipx_tx_ca_pd[8]
p:ix_ipx_tx_ca_pd[9]
p:ix_ipx_tx_ca_pd[10]
p:ix_ipx_tx_ca_pd[11]
p:ix_ipx_tx_ca_pd[12]
p:ix_ipx_tx_ca_ph[0]
p:ix_ipx_tx_ca_ph[1]
p:ix_ipx_tx_ca_ph[2]
p:ix_ipx_tx_ca_ph[3]
p:ix_ipx_tx_ca_ph[4]
p:ix_ipx_tx_ca_ph[5]
p:ix_ipx_tx_ca_ph[6]
p:ix_ipx_tx_ca_ph[7]
p:ix_ipx_tx_ca_ph[8]
p:ix_ipx_tx_rdy
p:ix_pci_int_req[0]
p:ix_pci_int_req[1]
p:ix_pci_int_req[2]
p:ix_pci_int_req[3]
p:ix_pci_int_req[4]
p:ix_pci_int_req[5]
p:ix_pci_int_req[6]
p:ix_pci_int_req[7]
p:ix_rst_n
p:ix_wbm_ack
p:ix_wbm_dat[0]
p:ix_wbm_dat[1]
p:ix_wbm_dat[2]
p:ix_wbm_dat[3]
p:ix_wbm_dat[4]
p:ix_wbm_dat[5]
p:ix_wbm_dat[6]
p:ix_wbm_dat[7]
p:ix_wbm_dat[8]
p:ix_wbm_dat[9]
p:ix_wbm_dat[10]
p:ix_wbm_dat[11]
p:ix_wbm_dat[12]
p:ix_wbm_dat[13]
p:ix_wbm_dat[14]
p:ix_wbm_dat[15]
p:ix_wbm_dat[16]
p:ix_wbm_dat[17]
p:ix_wbm_dat[18]
p:ix_wbm_dat[19]
p:ix_wbm_dat[20]
p:ix_wbm_dat[21]
p:ix_wbm_dat[22]
p:ix_wbm_dat[23]
p:ix_wbm_dat[24]
p:ix_wbm_dat[25]
p:ix_wbm_dat[26]
p:ix_wbm_dat[27]
p:ix_wbm_dat[28]
p:ix_wbm_dat[29]
p:ix_wbm_dat[30]
p:ix_wbm_dat[31]
p:ix_wbs_adr[0]
p:ix_wbs_adr[1]
p:ix_wbs_adr[2]
p:ix_wbs_adr[3]
p:ix_wbs_adr[4]
p:ix_wbs_adr[5]
p:ix_wbs_adr[6]
p:ix_wbs_adr[7]
p:ix_wbs_adr[8]
p:ix_wbs_adr[9]
p:ix_wbs_adr[10]
p:ix_wbs_adr[11]
p:ix_wbs_adr[12]
p:ix_wbs_adr[13]
p:ix_wbs_adr[14]
p:ix_wbs_adr[15]
p:ix_wbs_adr[16]
p:ix_wbs_adr[17]
p:ix_wbs_adr[18]
p:ix_wbs_adr[19]
p:ix_wbs_adr[20]
p:ix_wbs_adr[21]
p:ix_wbs_adr[22]
p:ix_wbs_adr[23]
p:ix_wbs_adr[24]
p:ix_wbs_adr[25]
p:ix_wbs_adr[26]
p:ix_wbs_adr[27]
p:ix_wbs_adr[28]
p:ix_wbs_adr[29]
p:ix_wbs_adr[30]
p:ix_wbs_adr[31]
p:ix_wbs_adr[32]
p:ix_wbs_adr[33]
p:ix_wbs_adr[34]
p:ix_wbs_adr[35]
p:ix_wbs_adr[36]
p:ix_wbs_adr[37]
p:ix_wbs_adr[38]
p:ix_wbs_adr[39]
p:ix_wbs_adr[40]
p:ix_wbs_adr[41]
p:ix_wbs_adr[42]
p:ix_wbs_adr[43]
p:ix_wbs_adr[44]
p:ix_wbs_adr[45]
p:ix_wbs_adr[46]
p:ix_wbs_adr[47]
p:ix_wbs_bte[0]
p:ix_wbs_bte[1]
p:ix_wbs_cti[0]
p:ix_wbs_cti[1]
p:ix_wbs_cti[2]
p:ix_wbs_cyc[0]
p:ix_wbs_cyc[1]
p:ix_wbs_cyc[2]
p:ix_wbs_cyc[3]
p:ix_wbs_cyc[4]
p:ix_wbs_cyc[5]
p:ix_wbs_cyc[6]
p:ix_wbs_cyc[7]
p:ix_wbs_dat[0]
p:ix_wbs_dat[1]
p:ix_wbs_dat[2]
p:ix_wbs_dat[3]
p:ix_wbs_dat[4]
p:ix_wbs_dat[5]
p:ix_wbs_dat[6]
p:ix_wbs_dat[7]
p:ix_wbs_dat[8]
p:ix_wbs_dat[9]
p:ix_wbs_dat[10]
p:ix_wbs_dat[11]
p:ix_wbs_dat[12]
p:ix_wbs_dat[13]
p:ix_wbs_dat[14]
p:ix_wbs_dat[15]
p:ix_wbs_dat[16]
p:ix_wbs_dat[17]
p:ix_wbs_dat[18]
p:ix_wbs_dat[19]
p:ix_wbs_dat[20]
p:ix_wbs_dat[21]
p:ix_wbs_dat[22]
p:ix_wbs_dat[23]
p:ix_wbs_dat[24]
p:ix_wbs_dat[25]
p:ix_wbs_dat[26]
p:ix_wbs_dat[27]
p:ix_wbs_dat[28]
p:ix_wbs_dat[29]
p:ix_wbs_dat[30]
p:ix_wbs_dat[31]
p:ix_wbs_sel[0]
p:ix_wbs_sel[1]
p:ix_wbs_sel[2]
p:ix_wbs_sel[3]
p:ix_wbs_stb
p:ix_wbs_we
p:ox_dec_adr[0]
p:ox_dec_adr[1]
p:ox_dec_adr[2]
p:ox_dec_adr[3]
p:ox_dec_adr[4]
p:ox_dec_adr[5]
p:ox_dec_adr[6]
p:ox_dec_adr[7]
p:ox_dec_adr[8]
p:ox_dec_adr[9]
p:ox_dec_adr[10]
p:ox_dec_adr[11]
p:ox_dec_adr[12]
p:ox_dec_adr[13]
p:ox_dec_adr[14]
p:ox_dec_adr[15]
p:ox_dec_bar_hit[0]
p:ox_dec_bar_hit[1]
p:ox_dec_bar_hit[2]
p:ox_dec_bar_hit[3]
p:ox_dec_bar_hit[4]
p:ox_dec_bar_hit[5]
p:ox_dec_func_hit[0]
p:ox_dec_func_hit[1]
p:ox_dec_func_hit[2]
p:ox_dec_func_hit[3]
p:ox_dec_func_hit[4]
p:ox_dec_func_hit[5]
p:ox_dec_func_hit[6]
p:ox_dec_func_hit[7]
p:ox_ipx_cc_npd_num[0]
p:ox_ipx_cc_npd_num[1]
p:ox_ipx_cc_npd_num[2]
p:ox_ipx_cc_npd_num[3]
p:ox_ipx_cc_npd_num[4]
p:ox_ipx_cc_npd_num[5]
p:ox_ipx_cc_npd_num[6]
p:ox_ipx_cc_npd_num[7]
p:ox_ipx_cc_pd_num[0]
p:ox_ipx_cc_pd_num[1]
p:ox_ipx_cc_pd_num[2]
p:ox_ipx_cc_pd_num[3]
p:ox_ipx_cc_pd_num[4]
p:ox_ipx_cc_pd_num[5]
p:ox_ipx_cc_pd_num[6]
p:ox_ipx_cc_pd_num[7]
p:ox_ipx_cc_processed_npd
p:ox_ipx_cc_processed_nph
p:ox_ipx_cc_processed_pd
p:ox_ipx_cc_processed_ph
p:ox_ipx_tx_data[0]
p:ox_ipx_tx_data[1]
p:ox_ipx_tx_data[2]
p:ox_ipx_tx_data[3]
p:ox_ipx_tx_data[4]
p:ox_ipx_tx_data[5]
p:ox_ipx_tx_data[6]
p:ox_ipx_tx_data[7]
p:ox_ipx_tx_data[8]
p:ox_ipx_tx_data[9]
p:ox_ipx_tx_data[10]
p:ox_ipx_tx_data[11]
p:ox_ipx_tx_data[12]
p:ox_ipx_tx_data[13]
p:ox_ipx_tx_data[14]
p:ox_ipx_tx_data[15]
p:ox_ipx_tx_end
p:ox_ipx_tx_req
p:ox_ipx_tx_st
p:ox_sys_rst_func_n[0]
p:ox_sys_rst_func_n[1]
p:ox_sys_rst_func_n[2]
p:ox_sys_rst_func_n[3]
p:ox_sys_rst_func_n[4]
p:ox_sys_rst_func_n[5]
p:ox_sys_rst_func_n[6]
p:ox_sys_rst_func_n[7]
p:ox_sys_rst_n
p:ox_wbm_adr[0]
p:ox_wbm_adr[1]
p:ox_wbm_adr[2]
p:ox_wbm_adr[3]
p:ox_wbm_adr[4]
p:ox_wbm_adr[5]
p:ox_wbm_adr[6]
p:ox_wbm_adr[7]
p:ox_wbm_adr[8]
p:ox_wbm_adr[9]
p:ox_wbm_adr[10]
p:ox_wbm_adr[11]
p:ox_wbm_adr[12]
p:ox_wbm_adr[13]
p:ox_wbm_adr[14]
p:ox_wbm_adr[15]
p:ox_wbm_bte[0]
p:ox_wbm_bte[1]
p:ox_wbm_cti[0]
p:ox_wbm_cti[1]
p:ox_wbm_cti[2]
p:ox_wbm_cyc[0]
p:ox_wbm_cyc[1]
p:ox_wbm_cyc[2]
p:ox_wbm_cyc[3]
p:ox_wbm_cyc[4]
p:ox_wbm_cyc[5]
p:ox_wbm_cyc[6]
p:ox_wbm_cyc[7]
p:ox_wbm_dat[0]
p:ox_wbm_dat[1]
p:ox_wbm_dat[2]
p:ox_wbm_dat[3]
p:ox_wbm_dat[4]
p:ox_wbm_dat[5]
p:ox_wbm_dat[6]
p:ox_wbm_dat[7]
p:ox_wbm_dat[8]
p:ox_wbm_dat[9]
p:ox_wbm_dat[10]
p:ox_wbm_dat[11]
p:ox_wbm_dat[12]
p:ox_wbm_dat[13]
p:ox_wbm_dat[14]
p:ox_wbm_dat[15]
p:ox_wbm_dat[16]
p:ox_wbm_dat[17]
p:ox_wbm_dat[18]
p:ox_wbm_dat[19]
p:ox_wbm_dat[20]
p:ox_wbm_dat[21]
p:ox_wbm_dat[22]
p:ox_wbm_dat[23]
p:ox_wbm_dat[24]
p:ox_wbm_dat[25]
p:ox_wbm_dat[26]
p:ox_wbm_dat[27]
p:ox_wbm_dat[28]
p:ox_wbm_dat[29]
p:ox_wbm_dat[30]
p:ox_wbm_dat[31]
p:ox_wbm_sel[0]
p:ox_wbm_sel[1]
p:ox_wbm_sel[2]
p:ox_wbm_sel[3]
p:ox_wbm_stb
p:ox_wbm_we
p:ox_wbs_ack
p:ox_wbs_dat[0]
p:ox_wbs_dat[1]
p:ox_wbs_dat[2]
p:ox_wbs_dat[3]
p:ox_wbs_dat[4]
p:ox_wbs_dat[5]
p:ox_wbs_dat[6]
p:ox_wbs_dat[7]
p:ox_wbs_dat[8]
p:ox_wbs_dat[9]
p:ox_wbs_dat[10]
p:ox_wbs_dat[11]
p:ox_wbs_dat[12]
p:ox_wbs_dat[13]
p:ox_wbs_dat[14]
p:ox_wbs_dat[15]
p:ox_wbs_dat[16]
p:ox_wbs_dat[17]
p:ox_wbs_dat[18]
p:ox_wbs_dat[19]
p:ox_wbs_dat[20]
p:ox_wbs_dat[21]
p:ox_wbs_dat[22]
p:ox_wbs_dat[23]
p:ox_wbs_dat[24]
p:ox_wbs_dat[25]
p:ox_wbs_dat[26]
p:ox_wbs_dat[27]
p:ox_wbs_dat[28]
p:ox_wbs_dat[29]
p:ox_wbs_dat[30]
p:ox_wbs_dat[31]
p:ox_wbs_err


Inapplicable constraints
************************

(none)


Applicable constraints with issues
**********************************

(none)


Constraints with matching wildcard expressions
**********************************************

(none)


Library Report
**************


# End of Constraint Checker Report
